2018-02-28 19:51:16,040 Instabot Started
2018-02-28 19:51:18,747 Login success as temaluck!
2018-02-28 19:51:21,390 like by schedule script. 1 hour save
2018-02-28 19:51:21,410 like_hashtag started, amount = 14
2018-02-28 19:51:21,413 like_first_lication_feed started, amount = 14
2018-02-28 19:51:21,414 like_hashtag started, amount = 14
2018-02-28 19:51:21,415 Going to like media with hashtag #canggu.
2018-02-28 19:51:21,427 Going to like media with hashtag #чангу.
2018-02-28 19:51:22,086 Found Finns Bali
2018-02-28 19:51:25,199 Received 66 medias.
2018-02-28 19:51:25,204 After filtration 45 medias left.
2018-02-28 19:51:25,206 Going to like 14 medias.
2018-02-28 19:51:26,042 Received 67 medias.
2018-02-28 19:51:26,044 After filtration 35 medias left.
2018-02-28 19:51:26,046 Going to like 14 medias.
2018-02-28 19:54:38,695 Instabot Started
2018-02-28 19:55:06,808 Instabot Started
2018-02-28 19:55:15,457 Instabot Started
2018-02-28 19:56:27,908 Instabot Started
2018-02-28 20:00:41,124 Instabot Started
2018-02-28 20:00:42,758 Login success as temaluck!
2018-02-28 20:00:45,517 like by schedule script. 1 hour save
2018-02-28 20:00:45,525 like_hashtag started, amount = 14
2018-02-28 20:00:45,526 like_first_lication_feed started, amount = 14
2018-02-28 20:00:45,527 like_hashtag started, amount = 14
2018-02-28 20:00:45,544 Going to like media with hashtag #canggu.
2018-02-28 20:00:45,564 Going to like media with hashtag #canggu.
2018-02-28 20:00:46,079 Found Finns Bali
2018-02-28 20:00:49,260 Received 67 medias.
2018-02-28 20:00:49,264 After filtration 36 medias left.
2018-02-28 20:00:49,266 Going to like 14 medias.
2018-02-28 20:00:49,489 Received 67 medias.
2018-02-28 20:00:49,491 After filtration 36 medias left.
2018-02-28 20:00:49,493 Going to like 14 medias.
2018-02-28 20:07:36,096 Instabot Started
2018-02-28 20:07:38,970 Login success as temaluck!
2018-02-28 20:07:41,280 like by schedule script. 1 hour save
2018-02-28 20:07:41,286 like_hashtag started, amount = 14
2018-02-28 20:07:41,288 like_first_lication_feed started, amount = 14
2018-02-28 20:07:41,288 like_hashtag started, amount = 14
2018-02-28 20:07:41,293 Going to like media with hashtag #чангу.
2018-02-28 20:07:41,297 Going to like media with hashtag #чангу.
2018-02-28 20:07:41,907 Found Finns Bali
2018-02-28 20:07:45,695 Received 67 medias.
2018-02-28 20:07:45,722 Received 67 medias.
2018-02-28 20:07:45,722 After filtration 26 medias left.
2018-02-28 20:07:45,725 After filtration 26 medias left.
2018-02-28 20:07:45,730 Going to like 14 medias.
2018-02-28 20:07:45,732 Going to like 14 medias.
2018-02-28 20:10:02,690 DONE: Total liked 28 medias.
2018-02-28 20:10:02,691 like_hashtag job done
2018-02-28 20:11:20,672 like_first_lication_feed job done
2018-02-28 20:11:21,182 Bot stopped. Worked: 0:03:45.087197
2018-02-28 20:11:21,183 Total liked: 36
2018-02-28 20:11:21,186 Total requests: 48
2018-02-28 20:14:44,908 Instabot Started
2018-02-28 20:14:47,525 Login success as temaluck!
2018-02-28 20:14:50,659 like by schedule script. 1 hour save
2018-02-28 20:14:50,665 like_hashtag started, amount = 14
2018-02-28 20:14:50,667 like_first_lication_feed started, amount = 14
2018-02-28 20:14:50,668 like_hashtag started, amount = 14
2018-02-28 20:14:50,671 Going to like media with hashtag #canggu.
2018-02-28 20:14:50,677 Going to like media with hashtag #canggu.
2018-02-28 20:14:54,811 Received 64 medias.
2018-02-28 20:14:54,813 After filtration 30 medias left.
2018-02-28 20:14:54,815 Going to like 14 medias.
2018-02-28 20:18:51,727 Instabot Started
2018-02-28 20:21:45,059 Instabot Started
2018-02-28 20:21:48,098 Login success as temaluck!
2018-02-28 20:21:50,407 like by schedule script. 1 hour save
2018-02-28 20:21:50,413 like_hashtag started, amount = 14
2018-02-28 20:21:50,414 like_first_lication_feed started, amount = 14
2018-02-28 20:21:50,415 like_hashtag started, amount = 14
2018-02-28 20:21:50,415 Going to like media with hashtag #бали.
2018-02-28 20:21:50,416 Looking for location bali
2018-02-28 20:21:50,418 Going to like media with hashtag #бали.
2018-02-28 20:21:53,607 Received 45 medias.
2018-02-28 20:21:53,608 After filtration 42 medias left.
2018-02-28 20:21:53,609 Going to like 14 medias.
2018-02-28 20:21:54,214 Received 45 medias.
2018-02-28 20:21:54,217 After filtration 42 medias left.
2018-02-28 20:21:54,218 Going to like 14 medias.
2018-02-28 20:29:39,066 Instabot Started
2018-02-28 20:29:41,200 Login success as temaluck!
2018-02-28 20:29:43,412 like by schedule script. 1 hour save
2018-02-28 20:29:43,417 like_hashtag started, amount = 14
2018-02-28 20:29:43,418 like_first_lication_feed started, amount = 14
2018-02-28 20:29:43,419 like_hashtag started, amount = 14
2018-02-28 20:29:43,419 Going to like media with hashtag #бали2018.
2018-02-28 20:29:43,420 Looking for location Bali
2018-02-28 20:29:43,422 Going to like media with hashtag #бали.
2018-02-28 20:29:44,467 Found Bali, Indonesia
2018-02-28 20:29:47,445 Received 65 medias.
2018-02-28 20:29:47,466 After filtration 42 medias left.
2018-02-28 20:29:47,466 Received 40 medias.
2018-02-28 20:29:47,467 Going to like 14 medias.
2018-02-28 20:29:47,467 After filtration 27 medias left.
2018-02-28 20:29:47,468 Going to like 14 medias.
2018-02-28 20:33:14,597 Instabot Started
2018-02-28 20:33:17,343 Login success as temaluck!
2018-02-28 20:33:19,774 like by schedule script. 1 hour save
2018-02-28 20:33:19,781 like_hashtag started, amount = 14
2018-02-28 20:33:19,782 like_first_lication_feed started, amount = 14
2018-02-28 20:33:19,785 Going to like media with hashtag #чангу.
2018-02-28 20:33:19,789 Looking for location бали
2018-02-28 20:33:20,376 Found Bali, Indonesia
2018-02-28 20:33:23,793 Received 68 medias.
2018-02-28 20:33:23,794 After filtration 13 medias left.
2018-02-28 20:33:23,795 Going to like 13 medias.
2018-02-28 20:35:33,968 DONE: Total liked 63 medias.
2018-02-28 20:35:33,970 like_hashtag job done
2018-02-28 20:36:32,774 like_first_lication_feed job done
2018-02-28 21:33:20,241 Running job Every 1 hour do run_threaded(<function stats at 0x03B74E40>) (last run: [never], next run: 2018-02-28 21:33:19)
2018-02-28 21:33:20,244 Running job Every 1 hour do run_threaded(<function tema_hashtag at 0x03B74CD8>) (last run: [never], next run: 2018-02-28 21:33:19)
2018-02-28 21:33:20,246 Running job Every 1 hour do run_threaded(<function tema_geotag at 0x03B74DB0>) (last run: [never], next run: 2018-02-28 21:33:19)
2018-02-28 21:33:20,246 like_hashtag started, amount = 14
2018-02-28 21:33:20,248 like_first_lication_feed started, amount = 14
2018-02-28 21:33:20,256 Going to like media with hashtag #чангу.
2018-02-28 21:33:20,258 Looking for location бали
2018-02-28 21:33:21,016 Stats saved at 2018-02-28 21:33:21.
2018-02-28 21:33:21,989 Found Bali, Indonesia
2018-02-28 21:33:26,881 Received 69 medias.
2018-02-28 21:33:26,883 After filtration 1 medias left.
2018-02-28 21:33:26,884 Going to like 1 medias.
2018-02-28 21:33:36,079 DONE: Total liked 71 medias.
2018-02-28 21:33:36,082 like_hashtag job done
2018-02-28 21:36:33,410 like_first_lication_feed job done
2018-02-28 21:49:12,680 Instabot Started
2018-02-28 21:49:14,910 Login success as temaluck!
2018-02-28 21:49:17,689 like by schedule script. 1 hour save
2018-02-28 21:49:17,695 like_hashtag started, amount = 14
2018-02-28 21:49:17,697 like_first_lication_feed started, amount = 14
2018-02-28 21:49:17,699 Going to like media with hashtag #бали.
2018-02-28 21:49:17,704 Looking for location canggu
2018-02-28 21:49:18,734 Found Canggusi, Anhui, China
2018-02-28 21:49:21,358 Received 40 medias.
2018-02-28 21:49:21,359 After filtration 39 medias left.
2018-02-28 21:49:21,360 Going to like 14 medias.
2018-03-01 19:21:00,916 Instabot Started
2018-03-01 19:21:02,716 Login success as temaluck!
2018-03-01 19:21:05,506 like by schedule script. 1 hour save
2018-03-01 19:21:05,518 like_hashtag started, amount = 14
2018-03-01 19:21:05,518 like_first_lication_feed started, amount = 14
2018-03-01 19:21:05,519 Going to like media with hashtag #бали2018.
2018-03-01 19:21:05,519 Looking for location Санкт-Петербург
2018-03-01 19:21:06,595 Found Saint Petersburg, Russia
2018-03-01 19:21:08,360 Received 49 medias.
2018-03-01 19:21:08,361 After filtration 42 medias left.
2018-03-01 19:21:08,363 Going to like 14 medias.
2018-03-01 19:38:34,537 Instabot Started
2018-03-01 19:39:45,072 Instabot Started
2018-03-01 19:40:27,775 Instabot Started
2018-03-01 19:40:29,321 Login success as temaluck!
2018-03-01 19:40:32,230 like by schedule script. 1 hour save
2018-03-01 19:40:32,232 like_hashtag started, amount = 14
2018-03-01 19:40:32,233 like_first_lication_feed started, amount = 14
2018-03-01 19:40:32,233 Going to like media with hashtag #питер.
2018-03-01 19:40:32,234 Looking for location Canggu
2018-03-01 19:40:33,193 Found Canggusi, Anhui, China
2018-03-01 19:40:33,915 Received 45 medias.
2018-03-01 19:40:33,918 After filtration 44 medias left.
2018-03-01 19:40:33,919 Going to like 14 medias.
2018-03-01 19:42:43,374 Instabot Started
2018-03-01 19:48:02,198 Instabot Started
2018-03-01 19:48:04,115 Login success as temaluck!
2018-03-01 19:48:06,895 like by schedule script. 1 hour save
2018-03-01 19:48:06,897 like_hashtag started, amount = 14
2018-03-01 19:48:06,898 like_first_lication_feed started, amount = 14
2018-03-01 19:48:06,898 Going to like media with hashtag #невский.
2018-03-01 19:48:06,898 Looking for location bali
2018-03-01 19:48:07,600 Found Bali, Indonesia
2018-03-01 19:48:09,220 Received 59 medias.
2018-03-01 19:48:09,221 After filtration 44 medias left.
2018-03-01 19:48:09,221 Going to like 14 medias.
2018-03-01 21:19:16,319 Instabot Started
2018-03-01 21:19:18,177 Login success as temaluck!
2018-03-01 21:19:20,903 like by schedule script. 1 hour save
2018-03-01 21:19:20,909 like_hashtag started, amount = 7
2018-03-01 21:19:20,910 like_first_lication_feed started, amount = 7
2018-03-01 21:19:20,919 Looking for location Canggu
2018-03-01 21:19:22,291 Found Canggusi, Anhui, China
2018-03-01 21:19:23,398 Request return 404 error!
2018-03-01 21:19:23,409 Error while getting hashtag feed.
2018-03-01 21:19:23,411 Nothing to like.
2018-03-01 21:19:23,417 like_hashtag job done
2018-03-01 21:22:30,411 Instabot Started
2018-03-01 21:22:32,035 Login success as temaluck!
2018-03-01 21:22:34,374 like by schedule script. 1 hour save
2018-03-01 21:22:34,379 like_hashtag started, amount = 7
2018-03-01 21:22:34,380 like_first_lication_feed started, amount = 7
2018-03-01 21:22:34,383 Looking for location Canggu
2018-03-01 21:22:35,068 Found Canggusi, Anhui, China
2018-03-01 21:22:35,646 Request return 404 error!
2018-03-01 21:22:35,652 Error while getting hashtag feed.
2018-03-01 21:22:35,654 Nothing to like.
2018-03-01 21:22:35,658 like_hashtag job done
2018-03-01 21:23:18,491 Instabot Started
2018-03-01 21:23:20,028 Login success as temaluck!
2018-03-01 21:23:22,775 like by schedule script. 1 hour save
2018-03-01 21:23:22,781 like_hashtag started, amount = 7
2018-03-01 21:23:22,783 like_first_lication_feed started, amount = 7
2018-03-01 21:23:22,783 Going to like media with hashtag #бали.
2018-03-01 21:23:22,784 Looking for location Canggu
2018-03-01 21:23:23,411 Found Canggusi, Anhui, China
2018-03-01 21:23:26,693 Received 37 medias.
2018-03-01 21:23:26,695 After filtration 37 medias left.
2018-03-01 21:23:26,696 Going to like 7 medias.
2018-03-01 21:32:05,423 Instabot Started
2018-03-01 21:32:07,863 Login success as temaluck!
2018-03-01 21:32:10,830 like by schedule script. 1 hour save
2018-03-01 21:32:10,837 like_hashtag started, amount = 7
2018-03-01 21:32:10,838 like_first_lication_feed started, amount = 7
2018-03-01 21:32:10,839 Going to like media with hashtag #бали.
2018-03-01 21:32:10,839 Looking for location Canggu
2018-03-01 21:32:11,445 Found Canggusi, Anhui, China
2018-03-01 21:32:13,314 Received 34 medias.
2018-03-01 21:32:13,316 After filtration 29 medias left.
2018-03-01 21:32:13,317 Going to like 7 medias.
2018-03-01 21:34:00,611 Instabot Started
2018-03-01 21:34:02,676 Login success as temaluck!
2018-03-01 21:34:05,062 like by schedule script. 1 hour save
2018-03-01 21:34:05,067 like_hashtag started, amount = 7
2018-03-01 21:34:05,069 like_first_lication_feed started, amount = 7
2018-03-01 21:34:05,069 Going to like media with hashtag #бали.
2018-03-01 21:34:05,070 Looking for location Bali
2018-03-01 21:34:05,648 Bali not found
2018-03-01 21:34:05,649 like_first_lication_feed job done
2018-03-01 21:34:06,974 Received 33 medias.
2018-03-01 21:34:06,976 After filtration 27 medias left.
2018-03-01 21:34:06,977 Going to like 7 medias.
2018-03-02 14:30:56,440 Instabot Started
2018-03-02 14:31:21,819 Instabot Started
2018-03-02 14:31:25,127 Request return 400 error!
2018-03-02 14:31:25,129 Instagram error message: The password you entered is incorrect. Please try again.
2018-03-02 14:31:25,130 Error type: bad_password
2018-03-02 14:31:25,131 Login or password is incorrect.
2018-03-02 14:31:47,211 Instabot Started
2018-03-02 14:31:50,728 Request return 400 error!
2018-03-02 14:31:50,730 Instagram error message: The password you entered is incorrect. Please try again.
2018-03-02 14:31:50,735 Error type: bad_password
2018-03-02 14:31:50,737 Login or password is incorrect.
2018-03-02 14:32:52,989 Instabot Started
2018-03-02 14:32:55,960 Login success as temaluck!
2018-03-02 14:32:58,397 like by schedule script. 1 hour save
2018-03-02 14:32:58,433 like_hashtag started, amount = 7
2018-03-02 14:32:58,435 like_first_lication_feed started, amount = 7
2018-03-02 14:32:58,438 Looking for location Bali
2018-03-02 14:32:59,275 Bali not found
2018-03-02 14:32:59,276 like_first_lication_feed job done
2018-03-02 14:33:00,564 Request return 404 error!
2018-03-02 14:33:00,566 Error while getting hashtag feed.
2018-03-02 14:33:00,568 Nothing to like.
2018-03-02 14:33:00,570 like_hashtag job done
2018-03-02 14:33:14,185 Bot stopped. Worked: 1 day, 18:25:38.090442
2018-03-02 14:33:14,187 Total liked: 36
2018-03-02 14:33:14,189 Total requests: 52
2018-03-02 14:34:22,947 Instabot Started
2018-03-02 14:34:25,253 Login success as temaluck!
2018-03-02 14:34:27,644 like by schedule script. 1 hour save
2018-03-02 14:35:09,181 Bot stopped. Worked: 1 day, 18:27:33.085876
2018-03-02 14:35:09,184 Total liked: 36
2018-03-02 14:35:09,185 Total requests: 54
2018-03-02 14:35:18,392 Instabot Started
2018-03-02 14:35:20,142 Login success as temaluck!
2018-03-02 14:35:22,550 like by schedule script. 1 hour save
2018-03-02 15:08:25,320 Bot stopped. Worked: 1 day, 19:00:49.225506
2018-03-02 15:08:25,323 Total liked: 36
2018-03-02 15:08:25,327 Total requests: 62
2018-03-02 15:08:34,143 Instabot Started
2018-03-02 15:08:35,847 Login success as temaluck!
2018-03-02 15:08:38,515 like by schedule script. 1 hour save
2018-03-02 15:31:07,207 Bot stopped. Worked: 1 day, 19:23:31.112384
2018-03-02 15:31:07,209 Total liked: 36
2018-03-02 15:31:07,211 Total requests: 64
2018-03-02 15:31:12,505 Instabot Started
2018-03-02 15:31:15,095 Login success as temaluck!
2018-03-02 15:31:17,840 like by schedule script. 1 hour save
2018-03-02 15:42:02,008 Bot stopped. Worked: 1 day, 19:34:25.912756
2018-03-02 15:42:02,011 Total liked: 36
2018-03-02 15:42:02,012 Total requests: 68
2018-03-02 15:49:45,170 Instabot Started
2018-03-02 15:49:47,445 Login success as temaluck!
2018-03-02 15:49:50,579 grab location medias script starts
2018-03-02 16:04:12,104 Bot stopped. Worked: 1 day, 19:56:36.009493
2018-03-02 16:04:12,107 Total liked: 36
2018-03-02 16:04:12,109 Total requests: 77
2018-03-02 16:04:25,961 Instabot Started
2018-03-02 16:04:28,435 Login success as temaluck!
2018-03-02 16:04:31,618 grab location medias script starts
2018-03-02 16:07:33,915 Bot stopped. Worked: 1 day, 19:59:57.819731
2018-03-02 16:07:33,918 Total liked: 36
2018-03-02 16:07:33,922 Total requests: 80
2018-03-02 16:07:44,591 Instabot Started
2018-03-02 16:07:46,889 Login success as temaluck!
2018-03-02 16:07:50,099 grab location medias script starts
2018-03-02 16:08:39,140 Bot stopped. Worked: 1 day, 20:01:03.045254
2018-03-02 16:08:39,143 Total liked: 36
2018-03-02 16:08:39,145 Total requests: 83
2018-03-02 16:08:41,144 Instabot Started
2018-03-02 16:08:43,852 Login success as temaluck!
2018-03-02 16:08:46,589 grab location medias script starts
2018-03-02 16:11:38,862 Bot stopped. Worked: 1 day, 20:04:02.767482
2018-03-02 16:11:38,864 Total liked: 36
2018-03-02 16:11:38,865 Total requests: 86
2018-03-02 16:11:45,311 Instabot Started
2018-03-02 16:11:47,281 Login success as temaluck!
2018-03-02 16:11:51,840 like by schedule script. 1 hour save
2018-03-02 16:11:51,846 like_hashtag started, amount = 7
2018-03-02 16:11:51,847 like_first_lication_feed started, amount = 3
2018-03-02 16:11:51,848 Going to like media with hashtag #бали.
2018-03-02 16:11:51,849 Looking for location Bali
2018-03-02 16:11:53,759 Found Bali, Indonesia
2018-03-02 16:11:55,030 Received 32 medias.
2018-03-02 16:11:55,033 After filtration 31 medias left.
2018-03-02 16:11:55,034 Going to like 7 medias.
2018-03-02 16:33:06,402 Instabot Started
2018-03-02 16:33:09,364 Login success as temaluck!
2018-03-02 16:33:12,411 grab location medias script starts
2018-03-02 16:33:13,709 Bot stopped. Worked: 1 day, 20:25:37.614062
2018-03-02 16:33:13,712 Total liked: 36
2018-03-02 16:33:13,713 Total requests: 88
2018-03-02 16:33:26,302 Instabot Started
2018-03-02 16:33:29,153 Login success as temaluck!
2018-03-02 16:33:31,768 grab location medias script starts
2018-03-02 22:02:00,480 Instabot Started
2018-03-02 22:02:08,092 Login success as temaluck!
2018-03-02 22:02:10,435 grab location medias script starts
2018-03-02 22:07:08,398 Bot stopped. Worked: 2 days, 1:59:32.303027
2018-03-02 22:07:08,400 Total liked: 36
2018-03-02 22:07:08,403 Total requests: 94
2018-03-02 22:07:10,597 Instabot Started
2018-03-02 22:07:12,356 Login success as temaluck!
2018-03-02 22:07:14,858 grab location medias script starts
2018-03-04 20:53:51,178 - INFO - MainThread: Instabot Started
2018-03-04 20:54:27,707 - INFO - MainThread: Instabot Started
2018-03-04 20:56:50,917 - INFO - MainThread: Instabot Started
2018-03-04 20:56:52,776 - INFO - MainThread: Login success as temaluck!
2018-03-04 20:56:52,798 - INFO - MainThread: Found whitelist: whitelist.txt (1 users)
2018-03-04 20:56:54,465 - INFO - MainThread: Project temaluck bot started
2018-03-04 20:58:11,219 - INFO - Dummy-1: Bot stopped. Worked: 4 days, 0:50:35.123629
2018-03-04 20:58:11,220 - INFO - Dummy-1: Total liked: 36
2018-03-04 20:58:11,221 - INFO - Dummy-1: Total requests: 95
2018-03-04 20:58:12,496 - INFO - MainThread: Instabot Started
2018-03-04 20:58:14,034 - INFO - MainThread: Login success as temaluck!
2018-03-04 20:58:14,037 - INFO - MainThread: Found whitelist: whitelist.txt (1 users)
2018-03-04 20:58:15,241 - INFO - MainThread: Project temaluck bot started
2018-03-04 20:58:20,249 - INFO - MainThread: Instabot Started
2018-03-04 20:58:22,305 - INFO - MainThread: Login success as woodentrend!
2018-03-04 20:58:22,307 - INFO - MainThread: Found whitelist: whitelist.txt (1 users)
2018-03-04 20:58:23,642 - INFO - MainThread: Project woodentrend bot started
2018-03-04 20:59:25,480 - DEBUG - MainThread: test
2018-03-04 20:59:35,921 - INFO - MainThread: test
2018-03-04 21:00:15,359 - INFO - Dummy-1: Bot stopped. Worked: 0:01:55.115105
2018-03-04 21:00:15,360 - INFO - Dummy-1: Total requests: 4
2018-03-04 21:00:16,233 - INFO - Dummy-1: Bot stopped. Worked: 4 days, 0:52:40.137841
2018-03-04 21:00:16,234 - INFO - Dummy-1: Total liked: 36
2018-03-04 21:00:16,234 - INFO - Dummy-1: Total requests: 96
2018-03-04 21:00:17,296 - INFO - MainThread: Instabot Started
2018-03-04 21:00:19,679 - INFO - MainThread: Login success as temaluck!
2018-03-04 21:00:19,683 - INFO - MainThread: Found whitelist: whitelist.txt (1 users)
2018-03-04 21:00:21,075 - INFO - MainThread: Project temaluck bot started
2018-03-04 21:00:26,084 - INFO - MainThread: Instabot Started
2018-03-04 21:00:27,810 - INFO - MainThread: Login success as woodentrend!
2018-03-04 21:00:27,813 - INFO - MainThread: Found whitelist: whitelist.txt (1 users)
2018-03-04 21:00:29,697 - INFO - MainThread: Project woodentrend bot started
2018-03-05 14:41:17,926 - INFO - MainThread: Instabot Started
2018-03-05 14:41:20,517 - INFO - MainThread: Login success as temaluck!
2018-03-05 14:41:20,540 - INFO - MainThread: Found whitelist: whitelist.txt (1 users)
2018-03-05 14:41:22,052 - INFO - MainThread: Project temaluck bot started, jobs: [<bound method Project.like_hashtag_feed_job of <__main__.Project object at 0x03EBE5F0>>, <bound method Project.like_geotag_feed_job of <__main__.Project object at 0x03EBE5F0>>]
2018-03-05 14:41:52,437 - INFO - Dummy-1: Bot stopped. Worked: 4 days, 18:34:16.341979
2018-03-05 14:41:52,440 - INFO - Dummy-1: Total liked: 36
2018-03-05 14:41:52,441 - INFO - Dummy-1: Total requests: 97
2018-03-05 14:41:53,536 - INFO - MainThread: Instabot Started
2018-03-05 14:41:56,116 - INFO - MainThread: Login success as temaluck!
2018-03-05 14:41:56,120 - INFO - MainThread: Found whitelist: whitelist.txt (1 users)
2018-03-05 14:41:57,631 - INFO - MainThread: Project temaluck bot started, jobs: [<bound method Project.like_hashtag_feed_job of <__main__.Project object at 0x042CE5D0>>, <bound method Project.like_geotag_feed_job of <__main__.Project object at 0x042CE5D0>>]
2018-03-05 14:42:42,428 - INFO - Dummy-1: Bot stopped. Worked: 4 days, 18:35:06.333415
2018-03-05 14:42:42,430 - INFO - Dummy-1: Total liked: 36
2018-03-05 14:42:42,432 - INFO - Dummy-1: Total requests: 98
2018-03-05 14:42:43,730 - INFO - MainThread: Instabot Started
2018-03-05 14:42:45,902 - INFO - MainThread: Login success as temaluck!
2018-03-05 14:42:45,906 - INFO - MainThread: Found whitelist: whitelist.txt (1 users)
2018-03-05 14:42:47,105 - INFO - MainThread: Project temaluck bot started, jobs: [<bound method Project.like_hashtag_feed_job of <__main__.Project object at 0x03DBE5D0>>, <bound method Project.like_geotag_feed_job of <__main__.Project object at 0x03DBE5D0>>]
2018-03-05 14:42:47,115 - INFO - Thread-1: like_hashtag started, amount = 7
2018-03-05 14:42:47,117 - INFO - Thread-2: like_first_lication_feed started, amount = 3
2018-03-05 14:42:47,117 - INFO - Thread-1: Going to like media with hashtag #бали.
2018-03-05 14:42:47,119 - INFO - Thread-2: Looking for location >>> get_list_nearest_locs(bot, 'васька')
2018-03-05 14:42:47,714 - INFO - Thread-2: >>> get_list_nearest_locs(bot, 'васька') not found
2018-03-05 14:42:47,715 - INFO - Thread-2: like_first_lication_feed job done
2018-03-05 14:42:50,770 - INFO - Thread-1: Received 61 medias.
2018-03-05 14:42:50,771 - INFO - Thread-1: After filtration 55 medias left.
2018-03-05 14:42:50,772 - INFO - Thread-1: Going to like 7 medias.
2018-03-05 14:42:52,130 - INFO - MainThread: Instabot Started
2018-03-05 14:42:54,556 - INFO - MainThread: Login success as woodentrend!
2018-03-05 14:42:54,570 - INFO - MainThread: Found whitelist: whitelist.txt (1 users)
2018-03-05 14:42:56,312 - INFO - MainThread: Project woodentrend bot started, jobs: [<bound method Project.like_geotag_feed_job of <__main__.Project object at 0x03DDAF10>>]
2018-03-05 14:42:56,330 - INFO - Thread-4: like_first_lication_feed started, amount = 4
2018-03-05 14:42:56,331 - INFO - Thread-4: Looking for location >>> get_list_nearest_locs(bot, 'васька')
2018-03-05 14:42:56,906 - INFO - Thread-4: >>> get_list_nearest_locs(bot, 'васька') not found
2018-03-05 14:42:56,908 - INFO - Thread-4: like_first_lication_feed job done
2018-03-05 14:43:49,602 - INFO - Thread-1: DONE: Total liked 7 medias.
2018-03-05 14:43:49,604 - INFO - Thread-1: like_hashtag job done
2018-03-05 14:45:52,396 - INFO - Dummy-5: Bot stopped. Worked: 17:47:32.152154
2018-03-05 14:45:52,398 - INFO - Dummy-5: Total requests: 6
2018-03-05 14:45:52,880 - INFO - Dummy-5: Bot stopped. Worked: 0:03:02.104523
2018-03-05 14:45:52,882 - INFO - Dummy-5: Total liked: 7
2018-03-05 14:45:52,885 - INFO - Dummy-5: Total requests: 108
2018-03-05 14:45:57,618 - INFO - MainThread: Instabot Started
2018-03-05 14:46:00,200 - INFO - MainThread: Login success as temaluck!
2018-03-05 14:46:00,203 - INFO - MainThread: Found whitelist: whitelist.txt (1 users)
2018-03-05 14:46:01,835 - INFO - MainThread: Project temaluck bot started, jobs: [<bound method Project.like_hashtag_feed_job of <__main__.Project object at 0x03AEE610>>, <bound method Project.like_geotag_feed_job of <__main__.Project object at 0x03AEE610>>]
2018-03-05 14:46:01,846 - INFO - Thread-1: like_hashtag started, amount = 7
2018-03-05 14:46:01,847 - INFO - Thread-2: like_first_lication_feed started, amount = 3
2018-03-05 14:46:01,848 - INFO - Thread-1: Going to like media with hashtag #бали.
2018-03-05 14:46:01,850 - INFO - Thread-2: Looking for location >>> get_list_nearest_locs(bot, 'васька')
2018-03-05 14:46:02,375 - INFO - Thread-2: >>> get_list_nearest_locs(bot, 'васька') not found
2018-03-05 14:46:02,376 - INFO - Thread-2: like_first_lication_feed job done
2018-03-05 14:46:05,791 - INFO - Thread-1: Received 61 medias.
2018-03-05 14:46:05,792 - INFO - Thread-1: After filtration 50 medias left.
2018-03-05 14:46:05,793 - INFO - Thread-1: Going to like 7 medias.
2018-03-05 14:46:06,859 - INFO - MainThread: Instabot Started
2018-03-05 14:46:08,844 - INFO - MainThread: Login success as woodentrend!
2018-03-05 14:46:08,851 - INFO - MainThread: Found whitelist: whitelist.txt (1 users)
2018-03-05 14:47:21,595 - INFO - MainThread: Instabot Started
2018-03-05 14:47:23,992 - INFO - MainThread: Login success as temaluck!
2018-03-05 14:47:23,996 - INFO - MainThread: Found whitelist: whitelist.txt (1 users)
2018-03-05 14:47:25,620 - INFO - MainThread: Project temaluck bot started, jobs: [<bound method Project.like_hashtag_feed_job of <__main__.Project object at 0x0397E5F0>>, <bound method Project.like_geotag_feed_job of <__main__.Project object at 0x0397E5F0>>]
2018-03-05 14:47:25,626 - INFO - Thread-1: like_hashtag started, amount = 7
2018-03-05 14:47:25,628 - INFO - Thread-2: like_first_lication_feed started, amount = 3
2018-03-05 14:47:25,628 - INFO - Thread-1: Going to like media with hashtag #бали.
2018-03-05 14:47:25,629 - INFO - Thread-2: Looking for location General Staff Building
2018-03-05 14:47:26,198 - INFO - Thread-2: Found General Staff Building
2018-03-05 14:47:28,439 - INFO - Thread-1: Received 60 medias.
2018-03-05 14:47:28,441 - INFO - Thread-1: After filtration 43 medias left.
2018-03-05 14:47:28,441 - INFO - Thread-1: Going to like 7 medias.
2018-03-05 14:47:30,632 - INFO - MainThread: Instabot Started
2018-03-05 14:47:32,919 - INFO - MainThread: Login success as woodentrend!
2018-03-05 14:47:32,921 - INFO - MainThread: Found whitelist: whitelist.txt (1 users)
2018-03-05 14:47:34,161 - INFO - MainThread: Project woodentrend bot started, jobs: [<bound method Project.like_geotag_feed_job of <__main__.Project object at 0x0399AF30>>]
2018-03-05 14:47:34,165 - INFO - Thread-4: like_first_lication_feed started, amount = 4
2018-03-05 14:47:34,167 - INFO - Thread-4: Looking for location General Staff Building
2018-03-05 14:47:35,188 - INFO - Thread-4: Found General Staff Building
2018-03-05 14:47:49,085 - INFO - Thread-2: like_first_lication_feed job done
2018-03-05 14:48:09,870 - INFO - Thread-4: like_first_lication_feed job done
2018-03-05 14:48:39,133 - INFO - Thread-1: DONE: Total liked 17 medias.
2018-03-05 14:48:39,135 - INFO - Thread-1: like_hashtag job done
2018-03-05 14:53:49,949 - INFO - Dummy-5: Bot stopped. Worked: 0:10:59.174008
2018-03-05 14:53:49,951 - INFO - Dummy-5: Total liked: 17
2018-03-05 14:53:49,953 - INFO - Dummy-5: Total requests: 122
2018-03-05 14:53:52,404 - INFO - MainThread: Instabot Started
2018-03-05 14:53:55,017 - INFO - MainThread: Login success as temaluck!
2018-03-05 14:53:55,021 - INFO - MainThread: Found whitelist: whitelist.txt (1 users)
2018-03-05 14:53:56,262 - INFO - MainThread: Project temaluck bot started, jobs: [<bound method Project.like_hashtag_feed_job of <__main__.Project object at 0x03E4E670>>, <bound method Project.like_geotag_feed_job of <__main__.Project object at 0x03E4E670>>, <bound method Project.save_stats_job of <__main__.Project object at 0x03E4E670>>]
2018-03-05 14:53:56,273 - INFO - Thread-1: like_hashtag started, amount = 7
2018-03-05 14:53:56,274 - INFO - Thread-2: like_first_lication_feed started, amount = 3
2018-03-05 14:53:56,275 - INFO - Thread-1: Going to like media with hashtag #бали.
2018-03-05 14:53:56,281 - INFO - Thread-2: Looking for location General Staff Building
2018-03-05 14:53:56,904 - INFO - Thread-2: Found General Staff Building
2018-03-05 14:53:59,796 - INFO - Thread-1: Received 59 medias.
2018-03-05 14:53:59,800 - INFO - Thread-1: After filtration 36 medias left.
2018-03-05 14:53:59,802 - INFO - Thread-1: Going to like 7 medias.
2018-03-05 14:54:01,281 - INFO - MainThread: Instabot Started
2018-03-05 14:54:03,787 - INFO - MainThread: Login success as woodentrend!
2018-03-05 14:54:03,789 - INFO - MainThread: Found whitelist: whitelist.txt (1 users)
2018-03-05 14:54:05,063 - INFO - MainThread: Project woodentrend bot started, jobs: [<bound method Project.like_hashtag_feed_job of <__main__.Project object at 0x03E6CFB0>>, <bound method Project.like_geotag_feed_job of <__main__.Project object at 0x03E6CFB0>>, <bound method Project.save_stats_job of <__main__.Project object at 0x03E6CFB0>>]
2018-03-05 14:54:05,069 - INFO - Thread-4: like_hashtag started, amount = 4
2018-03-05 14:54:05,075 - INFO - Thread-5: like_first_lication_feed started, amount = 4
2018-03-05 14:54:05,075 - INFO - Thread-4: Going to like media with hashtag #бали.
2018-03-05 14:54:05,077 - INFO - Thread-5: Looking for location General Staff Building
2018-03-05 14:54:06,697 - INFO - Thread-5: Found General Staff Building
2018-03-05 14:54:09,137 - INFO - Thread-4: Received 57 medias.
2018-03-05 14:54:09,138 - INFO - Thread-4: After filtration 54 medias left.
2018-03-05 14:54:09,139 - INFO - Thread-4: Going to like 4 medias.
2018-03-05 14:54:29,806 - INFO - Thread-2: like_first_lication_feed job done
2018-03-05 14:54:35,166 - INFO - Thread-4: DONE: Total liked 10 medias.
2018-03-05 14:54:35,167 - INFO - Thread-4: like_hashtag job done
2018-03-05 14:54:49,173 - INFO - Thread-5: like_first_lication_feed job done
2018-03-05 14:55:47,412 - INFO - MainThread: Instabot Started
2018-03-05 14:55:49,245 - INFO - MainThread: Login success as temaluck!
2018-03-05 14:55:49,249 - INFO - MainThread: Found whitelist: whitelist.txt (1 users)
2018-03-05 14:55:50,850 - INFO - MainThread: Project temaluck bot started, jobs: [<bound method Project.like_hashtag_feed_job of <__main__.Project object at 0x03B3E670>>, <bound method Project.like_geotag_feed_job of <__main__.Project object at 0x03B3E670>>, <bound method Project.save_stats_job of <__main__.Project object at 0x03B3E670>>]
2018-03-05 14:55:50,856 - INFO - Thread-1: like_hashtag started, amount = 7
2018-03-05 14:55:50,858 - INFO - Thread-2: like_first_lication_feed started, amount = 3
2018-03-05 14:55:50,858 - INFO - Thread-1: Going to like media with hashtag #бали.
2018-03-05 14:55:50,859 - INFO - Thread-2: Looking for location General Staff Building
2018-03-05 14:55:51,402 - INFO - Thread-2: Found General Staff Building
2018-03-05 14:55:53,908 - INFO - Thread-1: Received 56 medias.
2018-03-05 14:55:53,910 - INFO - Thread-1: After filtration 28 medias left.
2018-03-05 14:55:53,910 - INFO - Thread-1: Going to like 7 medias.
2018-03-05 14:55:55,861 - INFO - MainThread: Instabot Started
2018-03-05 14:55:58,093 - INFO - MainThread: Login success as woodentrend!
2018-03-05 14:55:58,096 - INFO - MainThread: Found whitelist: whitelist.txt (1 users)
2018-03-05 14:55:59,666 - INFO - MainThread: Project woodentrend bot started, jobs: [<bound method Project.like_geotag_feed_job of <__main__.Project object at 0x03B5CFB0>>, <bound method Project.save_stats_job of <__main__.Project object at 0x03B5CFB0>>]
2018-03-05 14:55:59,676 - INFO - Thread-4: like_first_lication_feed started, amount = 4
2018-03-05 14:55:59,677 - INFO - Thread-4: Looking for location General Staff Building
2018-03-05 14:56:00,551 - INFO - Thread-4: Found General Staff Building
2018-03-05 14:56:26,450 - INFO - Thread-2: like_first_lication_feed job done
